<?xml version="1.0" encoding="UTF-8"?>
<testng-results skipped="0" failed="0" ignored="0" total="2" passed="2">
  <reporter-output>
  </reporter-output>
  <suite name="Command line suite" duration-ms="73029" started-at="2019-07-05T13:31:17Z" finished-at="2019-07-05T13:32:30Z">
    <groups>
    </groups>
    <test name="Command line test" duration-ms="73029" started-at="2019-07-05T13:31:17Z" finished-at="2019-07-05T13:32:30Z">
      <class name="com.experitest.auto.IOSDemoTest">
        <test-method status="PASS" signature="setUp(java.lang.String)[pri:0, instance:com.experitest.auto.IOSDemoTest@2812cbfa]" name="setUp" is-config="true" duration-ms="20003" started-at="2019-07-05T19:02:06Z" finished-at="2019-07-05T19:02:26Z">
          <params>
            <param index="0">
              <value>
                <![CDATA[@os='ios']]>
              </value>
            </param>
          </params>
          <reporter-output>
          </reporter-output>
        </test-method> <!-- setUp -->
        <test-method status="PASS" signature="test()[pri:0, instance:com.experitest.auto.IOSDemoTest@2812cbfa]" name="test" duration-ms="0" started-at="2019-07-05T19:02:26Z" finished-at="2019-07-05T19:02:26Z">
          <reporter-output>
          </reporter-output>
        </test-method> <!-- test -->
        <test-method status="PASS" signature="tearDown()[pri:0, instance:com.experitest.auto.IOSDemoTest@2812cbfa]" name="tearDown" is-config="true" duration-ms="4160" started-at="2019-07-05T19:02:26Z" finished-at="2019-07-05T19:02:30Z">
          <reporter-output>
          </reporter-output>
        </test-method> <!-- tearDown -->
      </class> <!-- com.experitest.auto.IOSDemoTest -->
      <class name="com.experitest.auto.AndroidDemoTest">
        <test-method status="PASS" signature="setUp(java.lang.String)[pri:0, instance:com.experitest.auto.AndroidDemoTest@2d6e8792]" name="setUp" is-config="true" duration-ms="41110" started-at="2019-07-05T19:01:17Z" finished-at="2019-07-05T19:01:58Z">
          <params>
            <param index="0">
              <value>
                <![CDATA[@os='android']]>
              </value>
            </param>
          </params>
          <reporter-output>
          </reporter-output>
        </test-method> <!-- setUp -->
        <test-method status="PASS" signature="test()[pri:0, instance:com.experitest.auto.AndroidDemoTest@2d6e8792]" name="test" duration-ms="0" started-at="2019-07-05T19:01:58Z" finished-at="2019-07-05T19:01:58Z">
          <reporter-output>
          </reporter-output>
        </test-method> <!-- test -->
        <test-method status="PASS" signature="tearDown()[pri:0, instance:com.experitest.auto.AndroidDemoTest@2d6e8792]" name="tearDown" is-config="true" duration-ms="7721" started-at="2019-07-05T19:01:58Z" finished-at="2019-07-05T19:02:06Z">
          <reporter-output>
          </reporter-output>
        </test-method> <!-- tearDown -->
      </class> <!-- com.experitest.auto.AndroidDemoTest -->
    </test> <!-- Command line test -->
  </suite> <!-- Command line suite -->
</testng-results>
